#
# A fatal error has been detected by the Java Runtime Environment:
#
#  EXCEPTION_ACCESS_VIOLATION (0xc0000005) at pc=0xffffffffa4705120, pid=22704, tid=23092
#
# JRE version: Java(TM) SE Runtime Environment (8.0_31-b13) (build 1.8.0_31-b13)
# Java VM: Java HotSpot(TM) 64-Bit Server VM (25.31-b07 mixed mode windows-amd64 compressed oops)
# Problematic frame:
# C  0xffffffffa4705120
#
# Failed to write core dump. Minidumps are not enabled by default on client versions of Windows
#
# If you would like to submit a bug report, please visit:
#   http://bugreport.java.com/bugreport/crash.jsp
#

---------------  T H R E A D  ---------------

Current thread (0x0000000057d01800):  JavaThread "Daemon worker" [_thread_in_Java, id=23092, stack(0x00000000591e0000,0x00000000592e0000)]

siginfo: ExceptionCode=0xc0000005, ExceptionInformation=0x0000000000000008 0xffffffffa4705120

Registers:
RAX=0x0000000014b4a598, RBX=0x000000005dfc4588, RCX=0x00000000ec5ca2d0, RDX=0x00000000ec5ca2d0
RSP=0x00000000592dbe48, RBP=0x00000000592dbf18, RSI=0x00000000eb080db0, RDI=0x000000005e88c378
R8 =0x00000000eb080db0, R9 =0x00000000f441fd88, R10=0x00000000eb080db0, R11=0x0000000003798460
R12=0x0000000000000000, R13=0x00000000592dbec8, R14=0x0000000000000000, R15=0x0000000057d01800
RIP=0xffffffffa4705120, EFLAGS=0x0000000000010206

Top of Stack: (sp=0x00000000592dbe48)
0x00000000592dbe48:   00000000037d7974 00000000592dc020
0x00000000592dbe58:   00000000037cc6a4 00000000592dbf18
0x00000000592dbe68:   0000000003798684 00000000eac40f98
0x00000000592dbe78:   00000000592dbe78 000000005e86046b
0x00000000592dbe88:   00000000592dbf00 000000005e862358
0x00000000592dbe98:   0000000000000000 00000000592dbf18
0x00000000592dbea8:   0000000002707790 00000000592dbf18
0x00000000592dbeb8:   0000000002707a01 0000000002707a01
0x00000000592dbec8:   00000000eb080db0 00000000ec5ca2d0
0x00000000592dbed8:   00000000592dbed8 000000005e8605b2
0x00000000592dbee8:   00000000592dbf40 000000005e862358
0x00000000592dbef8:   0000000000000000 000000005e8605e8
0x00000000592dbf08:   00000000592dbec8 00000000592dbf50
0x00000000592dbf18:   00000000592dc020 00000000037d0234
0x00000000592dbf28:   0000000000000000 00000000eac40f98
0x00000000592dbf38:   00000000eb080df0 00000000ec5ca2d0 

Instructions: (pc=0xffffffffa4705120)
0xffffffffa4705100:   
[error occurred during error reporting (printing registers, top of stack, instructions near pc), id 0xc0000005]

Register to memory mapping:

RAX=0x0000000014b4a598 is pointing into metadata
RBX={method} {0x000000005dfc4590} 'visitLiteral' '(Lcom/sun/tools/javac/tree/JCTree$JCLiteral;)V' in 'com/sun/tools/javac/tree/TreeScanner'
RCX=0x00000000ec5ca2d0 is an oop
com.sun.tools.javac.comp.Flow$FlowAnalyzer 
 - klass: 'com/sun/tools/javac/comp/Flow$FlowAnalyzer'
RDX=0x00000000ec5ca2d0 is an oop
com.sun.tools.javac.comp.Flow$FlowAnalyzer 
 - klass: 'com/sun/tools/javac/comp/Flow$FlowAnalyzer'
RSP=0x00000000592dbe48 is pointing into the stack for thread: 0x0000000057d01800
RBP=0x00000000592dbf18 is pointing into the stack for thread: 0x0000000057d01800
RSI=0x00000000eb080db0 is an oop
com.sun.tools.javac.tree.JCTree$JCLiteral 
 - klass: 'com/sun/tools/javac/tree/JCTree$JCLiteral'
RDI=0x000000005e88c378 is pointing into metadata
R8 =0x00000000eb080db0 is an oop
com.sun.tools.javac.tree.JCTree$JCLiteral 
 - klass: 'com/sun/tools/javac/tree/JCTree$JCLiteral'
R9 =0x00000000f441fd88 is an oop
com.sun.tools.javac.util.List$1 
 - klass: 'com/sun/tools/javac/util/List$1'
R10=0x00000000eb080db0 is an oop
com.sun.tools.javac.tree.JCTree$JCLiteral 
 - klass: 'com/sun/tools/javac/tree/JCTree$JCLiteral'
R11=0x0000000003798460 is at entry_point+32 in (nmethod*)0x00000000037982d0
R12=0x0000000000000000 is an unknown value
R13=0x00000000592dbec8 is pointing into the stack for thread: 0x0000000057d01800
R14=0x0000000000000000 is an unknown value
R15=0x0000000057d01800 is a thread


Stack: [0x00000000591e0000,0x00000000592e0000],  sp=0x00000000592dbe48,  free space=1007k
Native frames: (J=compiled Java code, j=interpreted, Vv=VM code, C=native code)
C  0xffffffffa4705120


---------------  P R O C E S S  ---------------

Java Threads: ( => current thread )
  0x0000000058815800 JavaThread "File lock request listener" [_thread_in_native, id=23112, stack(0x000000005c140000,0x000000005c240000)]
  0x0000000057d26800 JavaThread "Stdin handler" [_thread_blocked, id=21936, stack(0x0000000058940000,0x0000000058a40000)]
=>0x0000000057d01800 JavaThread "Daemon worker" [_thread_in_Java, id=23092, stack(0x00000000591e0000,0x00000000592e0000)]
  0x0000000057d14000 JavaThread "Cancel handler" [_thread_blocked, id=12492, stack(0x0000000059310000,0x0000000059410000)]
  0x0000000057d70800 JavaThread "Handler for socket connection from /127.0.0.1:19683 to /127.0.0.1:19685" [_thread_in_native, id=22516, stack(0x0000000059050000,0x0000000059150000)]
  0x0000000057d74000 JavaThread "Daemon" [_thread_blocked, id=22748, stack(0x0000000058b40000,0x0000000058c40000)]
  0x0000000057adc800 JavaThread "Incoming local TCP Connector on port 19683" [_thread_in_native, id=20772, stack(0x0000000058d20000,0x0000000058e20000)]
  0x0000000056316800 JavaThread "Service Thread" daemon [_thread_blocked, id=21480, stack(0x0000000056e10000,0x0000000056f10000)]
  0x000000005629b000 JavaThread "C1 CompilerThread2" daemon [_thread_blocked, id=20764, stack(0x0000000056cd0000,0x0000000056dd0000)]
  0x0000000056298800 JavaThread "C2 CompilerThread1" daemon [_thread_blocked, id=22896, stack(0x0000000056b60000,0x0000000056c60000)]
  0x0000000056293000 JavaThread "C2 CompilerThread0" daemon [_thread_in_native, id=22640, stack(0x0000000056a40000,0x0000000056b40000)]
  0x0000000056290800 JavaThread "Attach Listener" daemon [_thread_blocked, id=22192, stack(0x0000000056700000,0x0000000056800000)]
  0x0000000054ed5800 JavaThread "Signal Dispatcher" daemon [_thread_blocked, id=23064, stack(0x0000000056840000,0x0000000056940000)]
  0x0000000054e72000 JavaThread "Finalizer" daemon [_thread_blocked, id=22968, stack(0x0000000056190000,0x0000000056290000)]
  0x0000000054e6e800 JavaThread "Reference Handler" daemon [_thread_blocked, id=22692, stack(0x0000000056030000,0x0000000056130000)]
  0x0000000001fdf000 JavaThread "main" [_thread_blocked, id=23196, stack(0x0000000002330000,0x0000000002430000)]

Other Threads:
  0x0000000054e6b000 VMThread [stack: 0x0000000055ed0000,0x0000000055fd0000] [id=22848]
  0x000000005631b800 WatcherThread [stack: 0x0000000057070000,0x0000000057170000] [id=22620]

VM state:not at safepoint (normal execution)

VM Mutex/Monitor currently owned by a thread: None

Heap:
 PSYoungGen      total 150016K, used 39882K [0x00000000eab00000, 0x00000000f4d80000, 0x0000000100000000)
  eden space 136704K, 21% used [0x00000000eab00000,0x00000000ec84c190,0x00000000f3080000)
  from space 13312K, 74% used [0x00000000f4080000,0x00000000f4a26a58,0x00000000f4d80000)
  to   space 14848K, 0% used [0x00000000f3080000,0x00000000f3080000,0x00000000f3f00000)
 ParOldGen       total 72192K, used 31910K [0x00000000c0000000, 0x00000000c4680000, 0x00000000eab00000)
  object space 72192K, 44% used [0x00000000c0000000,0x00000000c1f29988,0x00000000c4680000)
 Metaspace       used 45611K, capacity 46998K, committed 47104K, reserved 1089536K
  class space    used 6123K, capacity 6614K, committed 6656K, reserved 1048576K

Card table byte_map: [0x0000000011ac0000,0x0000000011cd0000] byte_map_base: 0x00000000114c0000

Marking Bits: (ParMarkBitMap*) 0x00000000709cd4f0
 Begin Bits: [0x00000000122e0000, 0x00000000132e0000)
 End Bits:   [0x00000000132e0000, 0x00000000142e0000)

Polling page: 0x0000000001fb0000

CodeCache: size=245760Kb used=17298Kb max_used=17298Kb free=228461Kb
 bounds [0x0000000002700000, 0x0000000003800000, 0x0000000011700000]
 total_blobs=5420 nmethods=4734 adapters=599
 compilation: enabled

Compilation events (10 events):
Event: 36.595 Thread 0x000000005629b000 5302   !   3       com.sun.tools.javac.comp.Flow$AliveAnalyzer::visitVarDef (70 bytes)
Event: 36.597 Thread 0x000000005629b000 nmethod 5302 0x00000000037ec750 code [0x00000000037ec900, 0x00000000037ecff8]
Event: 36.597 Thread 0x000000005629b000 5292       3       com.sun.tools.javac.code.Symbol$VarSymbol$2::call (23 bytes)
Event: 36.597 Thread 0x000000005629b000 nmethod 5292 0x00000000037e8f90 code [0x00000000037e9100, 0x00000000037e92a8]
Event: 36.597 Thread 0x000000005629b000 5293   !   3       com.sun.tools.javac.comp.Attr::attribLazyConstantValue (113 bytes)
Event: 36.599 Thread 0x000000005629b000 nmethod 5293 0x00000000037ed350 code [0x00000000037ed5c0, 0x00000000037ee678]
Event: 36.599 Thread 0x000000005629b000 5294       3       com.sun.tools.javac.comp.Attr::coerce (10 bytes)
Event: 36.599 Thread 0x000000005629b000 nmethod 5294 0x00000000037e8bd0 code [0x00000000037e8d40, 0x00000000037e8ec8]
Event: 36.599 Thread 0x000000005629b000 5295       3       com.sun.tools.javac.comp.ConstFold::coerce (221 bytes)
Event: 36.604 Thread 0x000000005629b000 nmethod 5295 0x00000000037ef2d0 code [0x00000000037ef940, 0x00000000037f3f78]

GC Heap History (10 events):
Event: 21.400 GC heap before
{Heap before GC invocations=12 (full 1):
 PSYoungGen      total 77824K, used 75636K [0x00000000eab00000, 0x00000000f0380000, 0x0000000100000000)
  eden space 68096K, 100% used [0x00000000eab00000,0x00000000eed80000,0x00000000eed80000)
  from space 9728K, 77% used [0x00000000ef780000,0x00000000efedd150,0x00000000f0100000)
  to   space 10240K, 0% used [0x00000000eed80000,0x00000000eed80000,0x00000000ef780000)
 ParOldGen       total 48640K, used 8468K [0x00000000c0000000, 0x00000000c2f80000, 0x00000000eab00000)
  object space 48640K, 17% used [0x00000000c0000000,0x00000000c08452a0,0x00000000c2f80000)
 Metaspace       used 30778K, capacity 31518K, committed 31744K, reserved 1077248K
  class space    used 3987K, capacity 4301K, committed 4352K, reserved 1048576K
Event: 21.463 GC heap after
Heap after GC invocations=12 (full 1):
 PSYoungGen      total 78336K, used 8959K [0x00000000eab00000, 0x00000000f1f00000, 0x0000000100000000)
  eden space 68096K, 0% used [0x00000000eab00000,0x00000000eab00000,0x00000000eed80000)
  from space 10240K, 87% used [0x00000000eed80000,0x00000000ef63fca8,0x00000000ef780000)
  to   space 11776K, 0% used [0x00000000f1380000,0x00000000f1380000,0x00000000f1f00000)
 ParOldGen       total 48640K, used 10232K [0x00000000c0000000, 0x00000000c2f80000, 0x00000000eab00000)
  object space 48640K, 21% used [0x00000000c0000000,0x00000000c09fe3c0,0x00000000c2f80000)
 Metaspace       used 30778K, capacity 31518K, committed 31744K, reserved 1077248K
  class space    used 3987K, capacity 4301K, committed 4352K, reserved 1048576K
}
Event: 23.119 GC heap before
{Heap before GC invocations=13 (full 1):
 PSYoungGen      total 78336K, used 59832K [0x00000000eab00000, 0x00000000f1f00000, 0x0000000100000000)
  eden space 68096K, 74% used [0x00000000eab00000,0x00000000edcae610,0x00000000eed80000)
  from space 10240K, 87% used [0x00000000eed80000,0x00000000ef63fca8,0x00000000ef780000)
  to   space 11776K, 0% used [0x00000000f1380000,0x00000000f1380000,0x00000000f1f00000)
 ParOldGen       total 48640K, used 10232K [0x00000000c0000000, 0x00000000c2f80000, 0x00000000eab00000)
  object space 48640K, 21% used [0x00000000c0000000,0x00000000c09fe3c0,0x00000000c2f80000)
 Metaspace       used 34439K, capacity 35364K, committed 35456K, reserved 1079296K
  class space    used 4583K, capacity 4982K, committed 4992K, reserved 1048576K
Event: 24.092 GC heap after
Heap after GC invocations=13 (full 1):
 PSYoungGen      total 107008K, used 7614K [0x00000000eab00000, 0x00000000f2980000, 0x0000000100000000)
  eden space 95232K, 0% used [0x00000000eab00000,0x00000000eab00000,0x00000000f0800000)
  from space 11776K, 64% used [0x00000000f1380000,0x00000000f1aef870,0x00000000f1f00000)
  to   space 11776K, 0% used [0x00000000f0800000,0x00000000f0800000,0x00000000f1380000)
 ParOldGen       total 48640K, used 15518K [0x00000000c0000000, 0x00000000c2f80000, 0x00000000eab00000)
  object space 48640K, 31% used [0x00000000c0000000,0x00000000c0f27910,0x00000000c2f80000)
 Metaspace       used 34439K, capacity 35364K, committed 35456K, reserved 1079296K
  class space    used 4583K, capacity 4982K, committed 4992K, reserved 1048576K
}
Event: 24.092 GC heap before
{Heap before GC invocations=14 (full 2):
 PSYoungGen      total 107008K, used 7614K [0x00000000eab00000, 0x00000000f2980000, 0x0000000100000000)
  eden space 95232K, 0% used [0x00000000eab00000,0x00000000eab00000,0x00000000f0800000)
  from space 11776K, 64% used [0x00000000f1380000,0x00000000f1aef870,0x00000000f1f00000)
  to   space 11776K, 0% used [0x00000000f0800000,0x00000000f0800000,0x00000000f1380000)
 ParOldGen       total 48640K, used 15518K [0x00000000c0000000, 0x00000000c2f80000, 0x00000000eab00000)
  object space 48640K, 31% used [0x00000000c0000000,0x00000000c0f27910,0x00000000c2f80000)
 Metaspace       used 34439K, capacity 35364K, committed 35456K, reserved 1079296K
  class space    used 4583K, capacity 4982K, committed 4992K, reserved 1048576K
Event: 24.861 GC heap after
Heap after GC invocations=14 (full 2):
 PSYoungGen      total 107008K, used 0K [0x00000000eab00000, 0x00000000f2980000, 0x0000000100000000)
  eden space 95232K, 0% used [0x00000000eab00000,0x00000000eab00000,0x00000000f0800000)
  from space 11776K, 0% used [0x00000000f1380000,0x00000000f1380000,0x00000000f1f00000)
  to   space 11776K, 0% used [0x00000000f0800000,0x00000000f0800000,0x00000000f1380000)
 ParOldGen       total 72192K, used 21062K [0x00000000c0000000, 0x00000000c4680000, 0x00000000eab00000)
  object space 72192K, 29% used [0x00000000c0000000,0x00000000c1491990,0x00000000c4680000)
 Metaspace       used 34439K, capacity 35364K, committed 35456K, reserved 1079296K
  class space    used 4583K, capacity 4982K, committed 4992K, reserved 1048576K
}
Event: 28.909 GC heap before
{Heap before GC invocations=15 (full 2):
 PSYoungGen      total 107008K, used 95232K [0x00000000eab00000, 0x00000000f2980000, 0x0000000100000000)
  eden space 95232K, 100% used [0x00000000eab00000,0x00000000f0800000,0x00000000f0800000)
  from space 11776K, 0% used [0x00000000f1380000,0x00000000f1380000,0x00000000f1f00000)
  to   space 11776K, 0% used [0x00000000f0800000,0x00000000f0800000,0x00000000f1380000)
 ParOldGen       total 72192K, used 21062K [0x00000000c0000000, 0x00000000c4680000, 0x00000000eab00000)
  object space 72192K, 29% used [0x00000000c0000000,0x00000000c1491990,0x00000000c4680000)
 Metaspace       used 37782K, capacity 38968K, committed 39168K, reserved 1083392K
  class space    used 5066K, capacity 5509K, committed 5632K, reserved 1048576K
Event: 29.574 GC heap after
Heap after GC invocations=15 (full 2):
 PSYoungGen      total 107008K, used 11754K [0x00000000eab00000, 0x00000000f4e00000, 0x0000000100000000)
  eden space 95232K, 0% used [0x00000000eab00000,0x00000000eab00000,0x00000000f0800000)
  from space 11776K, 99% used [0x00000000f0800000,0x00000000f137a878,0x00000000f1380000)
  to   space 13824K, 0% used [0x00000000f4080000,0x00000000f4080000,0x00000000f4e00000)
 ParOldGen       total 72192K, used 21612K [0x00000000c0000000, 0x00000000c4680000, 0x00000000eab00000)
  object space 72192K, 29% used [0x00000000c0000000,0x00000000c151b2d8,0x00000000c4680000)
 Metaspace       used 37782K, capacity 38968K, committed 39168K, reserved 1083392K
  class space    used 5066K, capacity 5509K, committed 5632K, reserved 1048576K
}
Event: 34.682 GC heap before
{Heap before GC invocations=16 (full 2):
 PSYoungGen      total 107008K, used 106986K [0x00000000eab00000, 0x00000000f4e00000, 0x0000000100000000)
  eden space 95232K, 100% used [0x00000000eab00000,0x00000000f0800000,0x00000000f0800000)
  from space 11776K, 99% used [0x00000000f0800000,0x00000000f137a878,0x00000000f1380000)
  to   space 13824K, 0% used [0x00000000f4080000,0x00000000f4080000,0x00000000f4e00000)
 ParOldGen       total 72192K, used 21612K [0x00000000c0000000, 0x00000000c4680000, 0x00000000eab00000)
  object space 72192K, 29% used [0x00000000c0000000,0x00000000c151b2d8,0x00000000c4680000)
 Metaspace       used 42612K, capacity 44022K, committed 44288K, reserved 1087488K
  class space    used 5795K, capacity 6326K, committed 6400K, reserved 1048576K
Event: 34.792 GC heap after
Heap after GC invocations=16 (full 2):
 PSYoungGen      total 150016K, used 9882K [0x00000000eab00000, 0x00000000f4d80000, 0x0000000100000000)
  eden space 136704K, 0% used [0x00000000eab00000,0x00000000eab00000,0x00000000f3080000)
  from space 13312K, 74% used [0x00000000f4080000,0x00000000f4a26a58,0x00000000f4d80000)
  to   space 14848K, 0% used [0x00000000f3080000,0x00000000f3080000,0x00000000f3f00000)
 ParOldGen       total 72192K, used 31910K [0x00000000c0000000, 0x00000000c4680000, 0x00000000eab00000)
  object space 72192K, 44% used [0x00000000c0000000,0x00000000c1f29988,0x00000000c4680000)
 Metaspace       used 42612K, capacity 44022K, committed 44288K, reserved 1087488K
  class space    used 5795K, capacity 6326K, committed 6400K, reserved 1048576K
}

Deoptimization events (10 events):
Event: 33.305 Thread 0x0000000057d01800 Uncommon trap: reason=unloaded action=reinterpret pc=0x000000000361627c method=com.sun.beans.TypeResolver.resolve(Ljava/lang/reflect/Type;Ljava/lang/reflect/Type;)Ljava/lang/reflect/Type; @ 175
Event: 33.312 Thread 0x0000000057d01800 Uncommon trap: reason=unloaded action=reinterpret pc=0x0000000003593f78 method=com.sun.beans.TypeResolver.resolve(Ljava/lang/reflect/Type;Ljava/lang/reflect/Type;)Ljava/lang/reflect/Type; @ 175
Event: 33.758 Thread 0x0000000057d01800 Uncommon trap: reason=bimorphic action=maybe_recompile pc=0x00000000035b3fb4 method=java.io.BufferedInputStream.read1([BII)I @ 39
Event: 34.385 Thread 0x0000000057d01800 Uncommon trap: reason=class_check action=maybe_recompile pc=0x0000000003155cfc method=java.util.regex.Matcher.search(I)Z @ 86
Event: 34.405 Thread 0x0000000057d01800 Uncommon trap: reason=class_check action=maybe_recompile pc=0x0000000003155cfc method=java.util.regex.Matcher.search(I)Z @ 86
Event: 34.415 Thread 0x0000000057d01800 Uncommon trap: reason=class_check action=maybe_recompile pc=0x0000000003155cfc method=java.util.regex.Matcher.search(I)Z @ 86
Event: 34.415 Thread 0x0000000057d01800 Uncommon trap: reason=class_check action=maybe_recompile pc=0x0000000003155cfc method=java.util.regex.Matcher.search(I)Z @ 86
Event: 34.415 Thread 0x0000000057d01800 Uncommon trap: reason=class_check action=maybe_recompile pc=0x0000000002dcc65c method=java.util.regex.Matcher.search(I)Z @ 86
Event: 35.116 Thread 0x0000000057d01800 Uncommon trap: reason=range_check action=make_not_entrant pc=0x0000000002b52448 method=java.lang.String.charAt(I)C @ 27
Event: 36.410 Thread 0x0000000057d01800 Uncommon trap: reason=unloaded action=reinterpret pc=0x0000000003721690 method=com.sun.tools.javac.jvm.ClassReader.readPool(I)Ljava/lang/Object; @ 413

Internal exceptions (10 events):
Event: 34.010 Thread 0x0000000057d01800 Exception <a 'java/security/PrivilegedActionException'> (0x00000000f02fc298) thrown at [C:\workspace\8-2-build-windows-amd64-cygwin\jdk8u31\2394\hotspot\src\share\vm\prims\jvm.cpp, line 1312]
Event: 34.010 Thread 0x0000000057d01800 Exception <a 'java/security/PrivilegedActionException'> (0x00000000f02fd0d8) thrown at [C:\workspace\8-2-build-windows-amd64-cygwin\jdk8u31\2394\hotspot\src\share\vm\prims\jvm.cpp, line 1312]
Event: 34.062 Thread 0x0000000057d01800 Exception <a 'java/security/PrivilegedActionException'> (0x00000000f037a978) thrown at [C:\workspace\8-2-build-windows-amd64-cygwin\jdk8u31\2394\hotspot\src\share\vm\prims\jvm.cpp, line 1312]
Event: 34.062 Thread 0x0000000057d01800 Exception <a 'java/security/PrivilegedActionException'> (0x00000000f037b7a0) thrown at [C:\workspace\8-2-build-windows-amd64-cygwin\jdk8u31\2394\hotspot\src\share\vm\prims\jvm.cpp, line 1312]
Event: 34.063 Thread 0x0000000057d01800 Exception <a 'java/security/PrivilegedActionException'> (0x00000000f037efa8) thrown at [C:\workspace\8-2-build-windows-amd64-cygwin\jdk8u31\2394\hotspot\src\share\vm\prims\jvm.cpp, line 1312]
Event: 34.063 Thread 0x0000000057d01800 Exception <a 'java/security/PrivilegedActionException'> (0x00000000f037fe98) thrown at [C:\workspace\8-2-build-windows-amd64-cygwin\jdk8u31\2394\hotspot\src\share\vm\prims\jvm.cpp, line 1312]
Event: 34.063 Thread 0x0000000057d01800 Exception <a 'java/security/PrivilegedActionException'> (0x00000000f0386660) thrown at [C:\workspace\8-2-build-windows-amd64-cygwin\jdk8u31\2394\hotspot\src\share\vm\prims\jvm.cpp, line 1312]
Event: 34.088 Thread 0x0000000057d01800 Exception <a 'java/lang/ClassNotFoundException': com/sun/tools/javac/api/JavacTool> (0x00000000f039b850) thrown at [C:\workspace\8-2-build-windows-amd64-cygwin\jdk8u31\2394\hotspot\src\share\vm\classfile\systemDictionary.cpp, line 202]
Event: 34.292 Thread 0x0000000057d01800 Exception <a 'java/security/PrivilegedActionException'> (0x00000000f0496550) thrown at [C:\workspace\8-2-build-windows-amd64-cygwin\jdk8u31\2394\hotspot\src\share\vm\prims\jvm.cpp, line 1312]
Event: 34.292 Thread 0x0000000057d01800 Exception <a 'java/security/PrivilegedActionException'> (0x00000000f0497bd8) thrown at [C:\workspace\8-2-build-windows-amd64-cygwin\jdk8u31\2394\hotspot\src\share\vm\prims\jvm.cpp, line 1312]

Events (10 events):
Event: 36.518 loading class com/sun/tools/javac/jvm/ClassWriter$StackMapTableFrame$SameFrame
Event: 36.518 loading class com/sun/tools/javac/jvm/ClassWriter$StackMapTableFrame$SameFrame done
Event: 36.519 loading class com/sun/tools/javac/jvm/ClassWriter$StackMapTableFrame$AppendFrame
Event: 36.519 loading class com/sun/tools/javac/jvm/ClassWriter$StackMapTableFrame$AppendFrame done
Event: 36.519 loading class com/sun/tools/javac/jvm/ClassWriter$StackMapTableFrame$ChopFrame
Event: 36.519 loading class com/sun/tools/javac/jvm/ClassWriter$StackMapTableFrame$ChopFrame done
Event: 36.519 loading class com/sun/tools/javac/jvm/ClassWriter$StackMapTableFrame$FullFrame
Event: 36.519 loading class com/sun/tools/javac/jvm/ClassWriter$StackMapTableFrame$FullFrame done
Event: 36.520 loading class com/sun/tools/javac/jvm/Code$Chain
Event: 36.520 loading class com/sun/tools/javac/jvm/Code$Chain done


Dynamic libraries:
0x000000013fc10000 - 0x000000013fc44000 	C:\Program Files\Java\jdk1.8.0_31\bin\java.exe
0x0000000076d50000 - 0x0000000076ef9000 	C:\Windows\SYSTEM32\ntdll.dll
0x0000000076b30000 - 0x0000000076c4f000 	C:\Windows\system32\kernel32.dll
0x000007fefcc50000 - 0x000007fefccbc000 	C:\Windows\system32\KERNELBASE.dll
0x000007fefef80000 - 0x000007feff05b000 	C:\Windows\system32\ADVAPI32.dll
0x000007fefd960000 - 0x000007fefd9ff000 	C:\Windows\system32\msvcrt.dll
0x000007fefd1d0000 - 0x000007fefd1ef000 	C:\Windows\SYSTEM32\sechost.dll
0x000007fefded0000 - 0x000007fefdffd000 	C:\Windows\system32\RPCRT4.dll
0x0000000076c50000 - 0x0000000076d4a000 	C:\Windows\system32\USER32.dll
0x000007fefda00000 - 0x000007fefda67000 	C:\Windows\system32\GDI32.dll
0x000007fefd400000 - 0x000007fefd40e000 	C:\Windows\system32\LPK.dll
0x000007fefde00000 - 0x000007fefdec9000 	C:\Windows\system32\USP10.dll
0x000007fefb000000 - 0x000007fefb1f4000 	C:\Windows\WinSxS\amd64_microsoft.windows.common-controls_6595b64144ccf1df_6.0.7601.17514_none_fa396087175ac9ac\COMCTL32.dll
0x000007fefdaa0000 - 0x000007fefdb11000 	C:\Windows\system32\SHLWAPI.dll
0x000007fefda70000 - 0x000007fefda9e000 	C:\Windows\system32\IMM32.DLL
0x000007fefd4d0000 - 0x000007fefd5d9000 	C:\Windows\system32\MSCTF.dll
0x0000000078f90000 - 0x0000000079062000 	C:\Program Files\Java\jdk1.8.0_31\jre\bin\msvcr100.dll
0x00000000701f0000 - 0x0000000070a4a000 	C:\Program Files\Java\jdk1.8.0_31\jre\bin\server\jvm.dll
0x000007fef5550000 - 0x000007fef5559000 	C:\Windows\system32\WSOCK32.dll
0x000007fefd830000 - 0x000007fefd87d000 	C:\Windows\system32\WS2_32.dll
0x000007fefdb20000 - 0x000007fefdb28000 	C:\Windows\system32\NSI.dll
0x000007fefa6d0000 - 0x000007fefa70b000 	C:\Windows\system32\WINMM.dll
0x0000000076f20000 - 0x0000000076f27000 	C:\Windows\system32\PSAPI.DLL
0x0000000000450000 - 0x000000000045f000 	C:\Program Files\Java\jdk1.8.0_31\jre\bin\verify.dll
0x000000006d500000 - 0x000000006d528000 	C:\Program Files\Java\jdk1.8.0_31\jre\bin\java.dll
0x0000000070170000 - 0x0000000070186000 	C:\Program Files\Java\jdk1.8.0_31\jre\bin\zip.dll
0x000007fefe000000 - 0x000007fefed88000 	C:\Windows\system32\SHELL32.dll
0x000007fefd1f0000 - 0x000007fefd3f3000 	C:\Windows\system32\ole32.dll
0x000007fefcb20000 - 0x000007fefcb2f000 	C:\Windows\system32\profapi.dll
0x000007fefc310000 - 0x000007fefc327000 	C:\Windows\system32\CRYPTSP.dll
0x000007fefc010000 - 0x000007fefc057000 	C:\Windows\system32\rsaenh.dll
0x000007fefcea0000 - 0x000007fefcebe000 	C:\Windows\system32\USERENV.dll
0x000007fefc970000 - 0x000007fefc97f000 	C:\Windows\system32\CRYPTBASE.dll
0x000000006f9c0000 - 0x000000006f9da000 	C:\Program Files\Java\jdk1.8.0_31\jre\bin\net.dll
0x000007fefc2b0000 - 0x000007fefc305000 	C:\Windows\system32\mswsock.dll
0x000007fefc2a0000 - 0x000007fefc2a7000 	C:\Windows\System32\wship6.dll
0x000007fefa520000 - 0x000007fefa547000 	C:\Windows\system32\IPHLPAPI.DLL
0x000007fefa510000 - 0x000007fefa51b000 	C:\Windows\system32\WINNSI.DLL
0x000007fefa330000 - 0x000007fefa341000 	C:\Windows\system32\dhcpcsvc6.DLL
0x000007fefa310000 - 0x000007fefa328000 	C:\Windows\system32\dhcpcsvc.DLL
0x000000006f590000 - 0x000000006f5a1000 	C:\Program Files\Java\jdk1.8.0_31\jre\bin\nio.dll
0x000007fef0870000 - 0x000007fef0882000 	C:\Users\Dr4ckO\AppData\Local\Temp\native-platform5858766373874012337dir\native-platform.dll
0x000007fefc910000 - 0x000007fefc967000 	C:\Windows\system32\apphelp.dll
0x000007fefb8b0000 - 0x000007fefb9d5000 	C:\Windows\system32\dbghelp.dll

VM Arguments:
jvm_args: -XX:MaxPermSize=256m -XX:+HeapDumpOnOutOfMemoryError -Xmx1024m -Dfile.encoding=windows-1252 -Duser.country=ES -Duser.language=es -Duser.variant 
java_command: org.gradle.launcher.daemon.bootstrap.GradleDaemon 2.2.1 C:\Users\Dr4ckO\.gradle\daemon 10800000 e56d813e-976e-4fe4-8b97-ac9d1849cdbb -XX:MaxPermSize=256m -XX:+HeapDumpOnOutOfMemoryError -Xmx1024m -Dfile.encoding=windows-1252 -Duser.country=ES -Duser.language=es -Duser.variant
java_class_path (initial): C:\Program Files\Android\Android Studio\gradle\gradle-2.2.1\lib\gradle-launcher-2.2.1.jar
Launcher Type: SUN_STANDARD

Environment Variables:
JAVA_HOME=C:\Program Files\Java\jdk1.8.0_31
PATH=C:\ProgramData\Oracle\Java\javapath;C:\Program Files (x86)\NVIDIA Corporation\PhysX\Common;C:\Program Files\Common Files\Microsoft Shared\Windows Live;C:\Program Files (x86)\Common Files\Microsoft Shared\Windows Live;C:\Program Files (x86)\Common Files\Intel\Shared Files\cpp\bin\Intel64;C:\Windows\system32;C:\Windows;C:\Windows\System32\Wbem;C:\Windows\System32\WindowsPowerShell\v1.0\;C:\Program Files (x86)\IsoBuster;C:\Program Files (x86)\Windows Live\Shared;C:\Program Files (x86)\MKV ToolNix;C:\Android\android-sdk\platform-tools;C:\Program Files\NodeJS\;C:\Program Files (x86)\QuickTime\QTSystem\;C:\Users\Dr4ckO\AppData\Roaming\npm
USERNAME=Dr4ckO
OS=Windows_NT
PROCESSOR_IDENTIFIER=Intel64 Family 6 Model 15 Stepping 11, GenuineIntel



---------------  S Y S T E M  ---------------

OS: Windows 7 , 64 bit Build 7601 Service Pack 1

CPU:total 4 (4 cores per cpu, 1 threads per core) family 6 model 15 stepping 11, cmov, cx8, fxsr, mmx, sse, sse2, sse3, ssse3, tsc

Memory: 4k page, physical 6291000k(131868k free), swap 12580136k(4875796k free)

vm_info: Java HotSpot(TM) 64-Bit Server VM (25.31-b07) for windows-amd64 JRE (1.8.0_31-b13), built on Dec 17 2014 21:00:28 by "java_re" with MS VC++ 10.0 (VS2010)

time: Tue Mar 03 17:33:31 2015
elapsed time: 36 seconds (0d 0h 0m 36s)

